<?xml version="1.0" encoding="UTF-8"?>
<testsuite name="Jenkins_feature_branch.LibraryTest" tests="1" skipped="0" failures="0" errors="0" timestamp="2022-07-24T11:11:26" hostname="DESKTOP-O4DTH8O" time="0.008">
  <properties/>
  <testcase name="someLibraryMethodReturnsTrue" classname="Jenkins_feature_branch.LibraryTest" time="0.008"/>
  <system-out><![CDATA[]]></system-out>
  <system-err><![CDATA[]]></system-err>
</testsuite>
